<?xml version="1.0" encoding="UTF-8"?>
<!-- Generated by org.testng.reporters.JUnitReportReporter -->
<testsuite hostname="DESKTOP-LTQSRIQ" failures="0" tests="1" name="test.NewTest" time="0.027" errors="0" timestamp="2024-08-05T15:09:31 IST" skipped="0">
  <testcase classname="test.NewTest" name="f" time="0.027">
    <system-out>
      <![CDATA[Hello]]>
    </system-out>
  </testcase> <!-- f -->
  <system-out>
    <![CDATA[Hello]]>
  </system-out>
</testsuite> <!-- test.NewTest -->
