<?xml version="1.0" encoding="UTF-8"?>
<!-- Generated by org.testng.reporters.JUnitReportReporter -->
<testsuite hostname="DESKTOP-LTQSRIQ" failures="0" tests="2" name="coverFoxTest.coverFoxTestng_TC1" time="2.141" errors="0" timestamp="2024-08-10T23:54:22 IST" skipped="0">
  <testcase classname="coverFoxTest.coverFoxTestng_TC1" name="vaildatePresenceofsortbutton" time="1.072">
    <system-out>
      <![CDATA[vaildatePresenceofsortbutton TC execution started
Checking if sortPlanFilterIsDisplayed]]>
    </system-out>
  </testcase> <!-- vaildatePresenceofsortbutton -->
  <testcase classname="coverFoxTest.coverFoxTestng_TC1" name="validateBanner" time="1.069">
    <system-out>
      <![CDATA[validateBanner TC execution started
Getting plan number from banner
Getting plan number from string]]>
    </system-out>
  </testcase> <!-- validateBanner -->
  <system-out>
    <![CDATA[launching browser
waiting...
Clicking on Gender Button
Clicking on Next Button
Handeling the drop down
Clicking on Next Button
Entering the pincode
Entering the mobile number
Click on next button
vaildatePresenceofsortbutton TC execution started
Checking if sortPlanFilterIsDisplayed
validateBanner TC execution started
Getting plan number from banner
Getting plan number from string
Closing Browser]]>
  </system-out>
</testsuite> <!-- coverFoxTest.coverFoxTestng_TC1 -->
