<?xml version="1.0" encoding="UTF-8"?>
<!-- Generated by org.testng.reporters.JUnitReportReporter -->
<testsuite hostname="DESKTOP-LTQSRIQ" failures="0" tests="1" name="practicsTestNG.NewTest" time="0.006" errors="0" timestamp="2024-08-05T16:37:11 IST" skipped="0">
  <testcase classname="practicsTestNG.NewTest" name="f" time="0.006">
    <system-out>
      <![CDATA[Hello]]>
    </system-out>
  </testcase> <!-- f -->
  <system-out>
    <![CDATA[Hello]]>
  </system-out>
</testsuite> <!-- practicsTestNG.NewTest -->
