<?xml version="1.0" encoding="UTF-8"?>
<!-- Generated by org.testng.reporters.JUnitReportReporter -->
<testsuite hostname="DESKTOP-LTQSRIQ" failures="0" tests="2" name="coverFoxTest.coverFoxTestng_TC1" time="2.133" errors="0" timestamp="2024-08-13T07:02:29 IST" skipped="0">
  <testcase classname="coverFoxTest.coverFoxTestng_TC1" name="vaildatePresenceofsortbutton" time="1.058">
    <system-out>
      <![CDATA[Checking if sortPlanFilterIsDisplayed]]>
    </system-out>
  </testcase> <!-- vaildatePresenceofsortbutton -->
  <testcase classname="coverFoxTest.coverFoxTestng_TC1" name="validateBanner" time="1.075">
    <system-out>
      <![CDATA[Getting plan number from banner
Getting plan number from string]]>
    </system-out>
  </testcase> <!-- validateBanner -->
  <system-out>
    <![CDATA[launching browser
waiting...
Clicking on Gender Button
Clicking on Next Button
Handeling the drop down
Clicking on Next Button
Entering the pincode
Entering the mobile number
Click on next button
Checking if sortPlanFilterIsDisplayed
Getting plan number from banner
Getting plan number from string
Closing Browser]]>
  </system-out>
</testsuite> <!-- coverFoxTest.coverFoxTestng_TC1 -->
